2025-08-30 13:03:29,453 - __main__ - INFO - ============================================================
2025-08-30 13:03:29,453 - __main__ - INFO - STARTING JARVIS 2.0 - ENHANCED VERSION
2025-08-30 13:03:29,454 - __main__ - INFO - ============================================================
2025-08-30 13:03:29,454 - __main__ - INFO - Phase 1: System Setup
2025-08-30 13:03:29,455 - __main__ - INFO - DPI awareness set to Per-Monitor V2
2025-08-30 13:03:29,510 - __main__ - INFO - Created new QApplication instance
2025-08-30 13:03:29,510 - __main__ - INFO - Phase 2: UI Initialization
2025-08-30 13:03:29,510 - __main__ - INFO - Attempting to initialize Enhanced UI...
2025-08-30 13:03:30,073 - __main__ - INFO - Using Enhanced interface
2025-08-30 13:03:30,075 - __main__ - INFO - Phase 3: Component Initialization
2025-08-30 13:03:30,194 - comtypes.client._code_cache - INFO - Imported existing <module 'comtypes.gen' from 'C:\\Users\\diego\\OneDrive - New Music Brasil\\Documentos\\GitHub\\PESSOAL\\Jarvis2.0\\.venv\\Lib\\site-packages\\comtypes\\gen\\__init__.py'>
2025-08-30 13:03:30,195 - comtypes.client._code_cache - INFO - Using writeable comtypes cache directory: 'C:\Users\diego\OneDrive - New Music Brasil\Documentos\GitHub\PESSOAL\Jarvis2.0\.venv\Lib\site-packages\comtypes\gen'
2025-08-30 13:03:33,266 - __main__ - INFO - Phase 4: UI Display
2025-08-30 13:03:33,435 - __main__ - INFO - Phase 5: Post-startup
2025-08-30 13:03:41,143 - __main__ - INFO - User greeted: Boa tarde! Eu sou Jarvis. Sistema iniciado e pronto para uso.
2025-08-30 13:03:41,144 - __main__ - INFO - Phase 6: Background Services
2025-08-30 13:03:41,211 - __main__ - INFO - ============================================================
2025-08-30 13:03:41,212 - __main__ - INFO - STARTUP SUMMARY
2025-08-30 13:03:41,221 - __main__ - INFO - ============================================================
2025-08-30 13:03:41,224 - __main__ - INFO - Interface Type: Enhanced
2025-08-30 13:03:41,226 - __main__ - INFO - Speech Available: True
2025-08-30 13:03:41,228 - __main__ - INFO - Commands Available: True
2025-08-30 13:03:41,230 - __main__ - INFO - Error Count: 0
2025-08-30 13:03:41,276 - __main__ - INFO - ============================================================
